digraph {
	compound = "true"
	newrank = "true"
	subgraph "root" {
		"[root] azurerm_application_gateway.network (expand)" [label = "azurerm_application_gateway.network", shape = "box"]
		"[root] azurerm_network_interface.example (expand)" [label = "azurerm_network_interface.example", shape = "box"]
		"[root] azurerm_network_interface_application_gateway_backend_address_pool_association.example (expand)" [label = "azurerm_network_interface_application_gateway_backend_address_pool_association.example", shape = "box"]
		"[root] azurerm_public_ip.example (expand)" [label = "azurerm_public_ip.example", shape = "box"]
		"[root] azurerm_resource_group.example (expand)" [label = "azurerm_resource_group.example", shape = "box"]
		"[root] azurerm_subnet.backend (expand)" [label = "azurerm_subnet.backend", shape = "box"]
		"[root] azurerm_subnet.frontend (expand)" [label = "azurerm_subnet.frontend", shape = "box"]
		"[root] azurerm_virtual_network.example (expand)" [label = "azurerm_virtual_network.example", shape = "box"]
		"[root] provider[\"registry.terraform.io/hashicorp/azurerm\"]" [label = "provider[\"registry.terraform.io/hashicorp/azurerm\"]", shape = "diamond"]
		"[root] azurerm_application_gateway.network (expand)" -> "[root] azurerm_public_ip.example (expand)"
		"[root] azurerm_application_gateway.network (expand)" -> "[root] azurerm_subnet.frontend (expand)"
		"[root] azurerm_application_gateway.network (expand)" -> "[root] local.backend_address_pool_name (expand)"
		"[root] azurerm_application_gateway.network (expand)" -> "[root] local.frontend_ip_configuration_name (expand)"
		"[root] azurerm_application_gateway.network (expand)" -> "[root] local.frontend_port_name (expand)"
		"[root] azurerm_application_gateway.network (expand)" -> "[root] local.http_setting_name (expand)"
		"[root] azurerm_application_gateway.network (expand)" -> "[root] local.listener_name (expand)"
		"[root] azurerm_application_gateway.network (expand)" -> "[root] local.request_routing_rule_name (expand)"
		"[root] azurerm_network_interface.example (expand)" -> "[root] azurerm_subnet.frontend (expand)"
		"[root] azurerm_network_interface_application_gateway_backend_address_pool_association.example (expand)" -> "[root] azurerm_application_gateway.network (expand)"
		"[root] azurerm_network_interface_application_gateway_backend_address_pool_association.example (expand)" -> "[root] azurerm_network_interface.example (expand)"
		"[root] azurerm_public_ip.example (expand)" -> "[root] azurerm_resource_group.example (expand)"
		"[root] azurerm_resource_group.example (expand)" -> "[root] provider[\"registry.terraform.io/hashicorp/azurerm\"]"
		"[root] azurerm_subnet.backend (expand)" -> "[root] azurerm_virtual_network.example (expand)"
		"[root] azurerm_subnet.frontend (expand)" -> "[root] azurerm_virtual_network.example (expand)"
		"[root] azurerm_virtual_network.example (expand)" -> "[root] azurerm_resource_group.example (expand)"
		"[root] local.backend_address_pool_name (expand)" -> "[root] azurerm_virtual_network.example (expand)"
		"[root] local.frontend_ip_configuration_name (expand)" -> "[root] azurerm_virtual_network.example (expand)"
		"[root] local.frontend_port_name (expand)" -> "[root] azurerm_virtual_network.example (expand)"
		"[root] local.http_setting_name (expand)" -> "[root] azurerm_virtual_network.example (expand)"
		"[root] local.listener_name (expand)" -> "[root] azurerm_virtual_network.example (expand)"
		"[root] local.request_routing_rule_name (expand)" -> "[root] azurerm_virtual_network.example (expand)"
		"[root] provider[\"registry.terraform.io/hashicorp/azurerm\"] (close)" -> "[root] azurerm_network_interface_application_gateway_backend_address_pool_association.example (expand)"
		"[root] provider[\"registry.terraform.io/hashicorp/azurerm\"] (close)" -> "[root] azurerm_subnet.backend (expand)"
		"[root] root" -> "[root] provider[\"registry.terraform.io/hashicorp/azurerm\"] (close)"
	}
}

